# JRE version: OpenJDK Runtime Environment Temurin-17.0.3+7 (17.0.3+7) (build 17.0.3+7)
# Java VM: OpenJDK 64-Bit Server VM Temurin-17.0.3+7 (17.0.3+7, mixed mode, tiered, compressed oops, compressed class ptrs, g1 gc, windows-amd64)
GC Precious Log:
 CPUs: 8 total, 8 available
 Memory: 16039M
 Large Page Support: Disabled
 NUMA Support: Disabled
 Compressed Oops: Enabled (Zero based)
 Heap Region Size: 2M
 Heap Min Capacity: 8M
 Heap Initial Capacity: 252M
 Heap Max Capacity: 4010M
 Pre-touch: Disabled
 Parallel Workers: 8
 Concurrent Workers: 2
 Concurrent Refinement Workers: 8
 Periodic GC: Disabled
Heap:
 garbage-first heap   total 487424K, used 195516K [0x0000000705600000, 0x0000000800000000)
  region size 2048K, 1 young (2048K), 1 survivors (2048K)
 Metaspace       used 76856K, committed 77952K, reserved 1122304K
  class space    used 8528K, committed 9024K, reserved 1048576K
GC Heap History (20 events):
Event: 18256.317 GC heap after
{Heap after GC invocations=183 (full 0):
 garbage-first heap   total 385024K, used 155221K [0x0000000705600000, 0x0000000800000000)
  region size 2048K, 1 young (2048K), 1 survivors (2048K)
 Metaspace       used 74633K, committed 75648K, reserved 1122304K
  class space    used 8248K, committed 8768K, reserved 1048576K
}
Event: 18289.268 GC heap before
{Heap before GC invocations=183 (full 0):
 garbage-first heap   total 385024K, used 175701K [0x0000000705600000, 0x0000000800000000)
  region size 2048K, 5 young (10240K), 1 survivors (2048K)
 Metaspace       used 74633K, committed 75648K, reserved 1122304K
  class space    used 8248K, committed 8768K, reserved 1048576K
}
Event: 18289.270 GC heap after
{Heap after GC invocations=184 (full 0):
 garbage-first heap   total 385024K, used 150214K [0x0000000705600000, 0x0000000800000000)
  region size 2048K, 1 young (2048K), 1 survivors (2048K)
 Metaspace       used 74633K, committed 75648K, reserved 1122304K
  class space    used 8248K, committed 8768K, reserved 1048576K
}
Event: 18289.362 GC heap before
{Heap before GC invocations=184 (full 0):
 garbage-first heap   total 385024K, used 201414K [0x0000000705600000, 0x0000000800000000)
  region size 2048K, 16 young (32768K), 1 survivors (2048K)
 Metaspace       used 74633K, committed 75648K, reserved 1122304K
  class space    used 8248K, committed 8768K, reserved 1048576K
}
Event: 18289.366 GC heap after
{Heap after GC invocations=185 (full 0):
 garbage-first heap   total 385024K, used 159343K [0x0000000705600000, 0x0000000800000000)
  region size 2048K, 1 young (2048K), 1 survivors (2048K)
 Metaspace       used 74633K, committed 75648K, reserved 1122304K
  class space    used 8248K, committed 8768K, reserved 1048576K
}
Event: 18290.354 GC heap before
{Heap before GC invocations=185 (full 0):
 garbage-first heap   total 385024K, used 185967K [0x0000000705600000, 0x0000000800000000)
  region size 2048K, 9 young (18432K), 1 survivors (2048K)
 Metaspace       used 76660K, committed 77696K, reserved 1122304K
  class space    used 8519K, committed 9024K, reserved 1048576K
}
Event: 18290.358 GC heap after
{Heap after GC invocations=186 (full 0):
 garbage-first heap   total 385024K, used 152994K [0x0000000705600000, 0x0000000800000000)
  region size 2048K, 1 young (2048K), 1 survivors (2048K)
 Metaspace       used 76660K, committed 77696K, reserved 1122304K
  class space    used 8519K, committed 9024K, reserved 1048576K
}
Event: 18290.445 GC heap before
{Heap before GC invocations=186 (full 0):
 garbage-first heap   total 385024K, used 171426K [0x0000000705600000, 0x0000000800000000)
  region size 2048K, 6 young (12288K), 1 survivors (2048K)
 Metaspace       used 76748K, committed 77824K, reserved 1122304K
  class space    used 8526K, committed 9024K, reserved 1048576K
}
Event: 18290.448 GC heap after
{Heap after GC invocations=187 (full 0):
 garbage-first heap   total 385024K, used 159078K [0x0000000705600000, 0x0000000800000000)
  region size 2048K, 1 young (2048K), 1 survivors (2048K)
 Metaspace       used 76748K, committed 77824K, reserved 1122304K
  class space    used 8526K, committed 9024K, reserved 1048576K
}
Event: 18290.510 GC heap before
{Heap before GC invocations=187 (full 0):
 garbage-first heap   total 385024K, used 177510K [0x0000000705600000, 0x0000000800000000)
  region size 2048K, 6 young (12288K), 1 survivors (2048K)
 Metaspace       used 76771K, committed 77824K, reserved 1122304K
  class space    used 8527K, committed 9024K, reserved 1048576K
}
Event: 18290.514 GC heap after
{Heap after GC invocations=188 (full 0):
 garbage-first heap   total 385024K, used 164993K [0x0000000705600000, 0x0000000800000000)
  region size 2048K, 1 young (2048K), 1 survivors (2048K)
 Metaspace       used 76771K, committed 77824K, reserved 1122304K
  class space    used 8527K, committed 9024K, reserved 1048576K
}
Event: 18290.663 GC heap before
{Heap before GC invocations=188 (full 0):
 garbage-first heap   total 385024K, used 203905K [0x0000000705600000, 0x0000000800000000)
  region size 2048K, 11 young (22528K), 1 survivors (2048K)
 Metaspace       used 76845K, committed 77952K, reserved 1122304K
  class space    used 8528K, committed 9024K, reserved 1048576K
}
Event: 18290.667 GC heap after
{Heap after GC invocations=189 (full 0):
 garbage-first heap   total 487424K, used 175001K [0x0000000705600000, 0x0000000800000000)
  region size 2048K, 1 young (2048K), 1 survivors (2048K)
 Metaspace       used 76845K, committed 77952K, reserved 1122304K
  class space    used 8528K, committed 9024K, reserved 1048576K
}
Event: 18290.669 GC heap before
{Heap before GC invocations=189 (full 0):
 garbage-first heap   total 487424K, used 183193K [0x0000000705600000, 0x0000000800000000)
  region size 2048K, 2 young (4096K), 1 survivors (2048K)
 Metaspace       used 76845K, committed 77952K, reserved 1122304K
  class space    used 8528K, committed 9024K, reserved 1048576K
}
Event: 18290.673 GC heap after
{Heap after GC invocations=190 (full 0):
 garbage-first heap   total 487424K, used 177059K [0x0000000705600000, 0x0000000800000000)
  region size 2048K, 1 young (2048K), 1 survivors (2048K)
 Metaspace       used 76845K, committed 77952K, reserved 1122304K
  class space    used 8528K, committed 9024K, reserved 1048576K
}
Event: 18290.690 GC heap before
{Heap before GC invocations=190 (full 0):
 garbage-first heap   total 487424K, used 220067K [0x0000000705600000, 0x0000000800000000)
  region size 2048K, 2 young (4096K), 1 survivors (2048K)
 Metaspace       used 76856K, committed 77952K, reserved 1122304K
  class space    used 8528K, committed 9024K, reserved 1048576K
}
Event: 18290.693 GC heap after
{Heap after GC invocations=191 (full 0):
 garbage-first heap   total 487424K, used 195547K [0x0000000705600000, 0x0000000800000000)
  region size 2048K, 1 young (2048K), 1 survivors (2048K)
 Metaspace       used 76856K, committed 77952K, reserved 1122304K
  class space    used 8528K, committed 9024K, reserved 1048576K
}
Event: 18290.699 GC heap before
{Heap before GC invocations=191 (full 0):
 garbage-first heap   total 487424K, used 218075K [0x0000000705600000, 0x0000000800000000)
  region size 2048K, 2 young (4096K), 1 survivors (2048K)
 Metaspace       used 76856K, committed 77952K, reserved 1122304K
  class space    used 8528K, committed 9024K, reserved 1048576K
}
Event: 18290.703 GC heap after
{Heap after GC invocations=192 (full 0):
 garbage-first heap   total 487424K, used 199620K [0x0000000705600000, 0x0000000800000000)
  region size 2048K, 1 young (2048K), 1 survivors (2048K)
 Metaspace       used 76856K, committed 77952K, reserved 1122304K
  class space    used 8528K, committed 9024K, reserved 1048576K
}
Event: 18290.711 GC heap before
{Heap before GC invocations=192 (full 0):
 garbage-first heap   total 487424K, used 218052K [0x0000000705600000, 0x0000000800000000)
  region size 2048K, 2 young (4096K), 1 survivors (2048K)
 Metaspace       used 76856K, committed 77952K, reserved 1122304K
  class space    used 8528K, committed 9024K, reserved 1048576K
}

