<?xml version="1.0" encoding="UTF-8"?>
<testng-results ignored="0" total="1" passed="1" failed="0" skipped="0">
  <reporter-output>
  </reporter-output>
  <suite started-at="2023-04-24T11:08:51 IST" name="Android" finished-at="2023-04-24T11:12:34 IST" duration-ms="222809">
    <groups>
    </groups>
    <test started-at="2023-04-24T11:08:51 IST" name="RingPay" finished-at="2023-04-24T11:12:34 IST" duration-ms="222809">
      <class name="com.RingPay.TestScripts.RingPayTestScripts">
        <test-method is-config="true" signature="Before()[pri:0, instance:com.RingPay.TestScripts.RingPayTestScripts@67ef029]" started-at="2023-04-24T11:09:01 IST" name="Before" finished-at="2023-04-24T11:09:11 IST" duration-ms="10345" status="PASS">
          <reporter-output>
          </reporter-output>
        </test-method> <!-- Before -->
        <test-method signature="addAddresFlow()[pri:11, instance:com.RingPay.TestScripts.RingPayTestScripts@67ef029]" started-at="2023-04-24T11:09:11 IST" name="addAddresFlow" finished-at="2023-04-24T11:12:33 IST" duration-ms="201901" status="PASS">
          <reporter-output>
          </reporter-output>
        </test-method> <!-- addAddresFlow -->
        <test-method is-config="true" signature="ringAppQuit()[pri:0, instance:com.RingPay.TestScripts.RingPayTestScripts@67ef029]" started-at="2023-04-24T11:12:34 IST" name="ringAppQuit" finished-at="2023-04-24T11:12:34 IST" duration-ms="354" status="PASS">
          <reporter-output>
          </reporter-output>
        </test-method> <!-- ringAppQuit -->
      </class> <!-- com.RingPay.TestScripts.RingPayTestScripts -->
    </test> <!-- RingPay -->
  </suite> <!-- Android -->
</testng-results>
